<?xml version="1.0" encoding="UTF-8"?>
<!-- Generated by org.testng.reporters.JUnitXMLReporter -->
<testsuite ignored="0" hostname="LAPTOP-2A7Q9CNR" failures="0" tests="4" name="Test" time="0.042" errors="0" timestamp="2025-01-10T17:11:05 IST">
  <testcase classname="pack1.ContactTest" name="createContactTest" time="0.007"/>
  <testcase classname="pack1.ContactTest" name="modifyContactTest" time="0.001"/>
  <testcase classname="pack2.OrgTest" name="createOrgTest" time="0.0"/>
  <testcase classname="pack2.OrgTest" name="modifyOrgTest" time="0.0"/>
</testsuite> <!-- Test -->
