<?xml version="1.0" encoding="UTF-8"?>
<testng-results ignored="0" total="4" passed="4" failed="0" skipped="0">
  <reporter-output>
  </reporter-output>
  <suite started-at="2025-01-10T17:11:04 IST" name="Suite" finished-at="2025-01-10T17:11:04 IST" duration-ms="42">
    <groups>
    </groups>
    <test started-at="2025-01-10T17:11:04 IST" name="Test" finished-at="2025-01-10T17:11:04 IST" duration-ms="42">
      <class name="pack2.OrgTest">
        <test-method signature="createOrgTest()[pri:0, instance:pack2.OrgTest@769e7ee8]" started-at="2025-01-10T17:11:04 IST" name="createOrgTest" finished-at="2025-01-10T17:11:04 IST" duration-ms="0" status="PASS">
          <reporter-output>
          </reporter-output>
        </test-method> <!-- createOrgTest -->
        <test-method signature="modifyOrgTest()[pri:0, instance:pack2.OrgTest@769e7ee8]" started-at="2025-01-10T17:11:04 IST" name="modifyOrgTest" finished-at="2025-01-10T17:11:04 IST" duration-ms="0" status="PASS">
          <reporter-output>
          </reporter-output>
        </test-method> <!-- modifyOrgTest -->
      </class> <!-- pack2.OrgTest -->
      <class name="pack1.ContactTest">
        <test-method signature="createContactTest()[pri:0, instance:pack1.ContactTest@6dbb137d]" started-at="2025-01-10T17:11:04 IST" name="createContactTest" finished-at="2025-01-10T17:11:04 IST" duration-ms="7" status="PASS">
          <reporter-output>
          </reporter-output>
        </test-method> <!-- createContactTest -->
        <test-method signature="modifyContactTest()[pri:0, instance:pack1.ContactTest@6dbb137d]" started-at="2025-01-10T17:11:04 IST" name="modifyContactTest" finished-at="2025-01-10T17:11:04 IST" duration-ms="1" status="PASS">
          <reporter-output>
          </reporter-output>
        </test-method> <!-- modifyContactTest -->
      </class> <!-- pack1.ContactTest -->
    </test> <!-- Test -->
  </suite> <!-- Suite -->
</testng-results>
