<?xml version="1.0" encoding="UTF-8"?>
<!-- Generated by org.testng.reporters.JUnitXMLReporter -->
<testsuite ignored="0" hostname="LAPTOP-2A7Q9CNR" failures="0" tests="4" name="Surefire test" time="0.043" errors="0" timestamp="2025-01-09T18:15:24 IST">
  <testcase classname="pack1.ContactTest" name="createContactTest" time="0.0"/>
  <testcase classname="pack1.ContactTest" name="modifyContactTest" time="0.0"/>
  <testcase classname="pack2.OrgTest" name="createOrgTest" time="0.0"/>
  <testcase classname="pack2.OrgTest" name="modifyOrgTest" time="0.0"/>
</testsuite> <!-- Surefire test -->
